Build started 10/11/2019 5:29:03 PM.
     1>Project "C:\Users\PHUC\Documents\Visual Studio 2010\Projects\bai21-17103072\bai21-17103072\bai21-17103072.vcxproj" on node 2 (build target(s)).
     1>InitializeBuildStatus:
         Creating "Debug\bai21-17103072.unsuccessfulbuild" because "AlwaysCreate" was specified.
       ClCompile:
         All outputs are up-to-date.
         G:\Microsoft Visual Studio 10.0\VC\bin\CL.exe /c /ZI /nologo /W3 /WX- /Od /Oy- /D WIN32 /D _WINDOWS /D _DEBUG /D _UNICODE /D UNICODE /Gm /EHsc /RTC1 /MTd /GS /fp:precise /Zc:wchar_t /Zc:forScope /Yu"StdAfx.h" /Fp"Debug\bai21-17103072.pch" /Fo"Debug\\" /Fd"Debug\vc100.pdb" /Gd /TP /analyze- /errorReport:prompt "bai21-17103072View.cpp"
         bai21-17103072View.cpp
       ResourceCompile:
         All outputs are up-to-date.
       ManifestResourceCompile:
         All outputs are up-to-date.
       Link:
         G:\Microsoft Visual Studio 10.0\VC\bin\link.exe /ERRORREPORT:PROMPT /OUT:"C:\Users\PHUC\Documents\Visual Studio 2010\Projects\bai21-17103072\Debug\bai21-17103072.exe" /INCREMENTAL /NOLOGO /MANIFEST /ManifestFile:"Debug\bai21-17103072.exe.intermediate.manifest" /MANIFESTUAC:"level='asInvoker' uiAccess='false'" /DEBUG /PDB:"C:\Users\PHUC\Documents\Visual Studio 2010\Projects\bai21-17103072\Debug\bai21-17103072.pdb" /SUBSYSTEM:WINDOWS /TLBID:1 /ENTRY:"wWinMainCRTStartup" /DYNAMICBASE /NXCOMPAT /IMPLIB:"C:\Users\PHUC\Documents\Visual Studio 2010\Projects\bai21-17103072\Debug\bai21-17103072.lib" /MACHINE:X86 "Debug\bai21-17103072.res"
         "Debug\bai21-17103072.exe.embed.manifest.res"
         "Debug\bai21-17103072.obj"
         "Debug\bai21-17103072Doc.obj"
         "Debug\bai21-17103072View.obj"
         Debug\hinhvuong.obj
         Debug\MainFrm.obj
         Debug\stdafx.obj
       Manifest:
         C:\Program Files\Microsoft SDKs\Windows\v7.0A\bin\mt.exe /nologo /verbose /out:"Debug\bai21-17103072.exe.embed.manifest" /manifest "Debug\bai21-17103072.exe.intermediate.manifest" "G:\Microsoft Visual Studio 10.0\VC\Include\Manifest\dpiaware.manifest"
         All outputs are up-to-date.
       LinkEmbedManifest:
         All outputs are up-to-date.
         bai21-17103072.vcxproj -> C:\Users\PHUC\Documents\Visual Studio 2010\Projects\bai21-17103072\Debug\bai21-17103072.exe
       FinalizeBuildStatus:
         Deleting file "Debug\bai21-17103072.unsuccessfulbuild".
         Touching "Debug\bai21-17103072.lastbuildstate".
     1>Done Building Project "C:\Users\PHUC\Documents\Visual Studio 2010\Projects\bai21-17103072\bai21-17103072\bai21-17103072.vcxproj" (build target(s)).

Build succeeded.

Time Elapsed 00:00:41.59
